{"C:\\Users\\Admin\\Desktop\\nodejs\\NBADPROJECTS\\dev\\js\\cloneArray.js": {"path":"C:\\Users\\Admin\\Desktop\\nodejs\\NBADPROJECTS\\dev\\js\\cloneArray.js","statementMap":{"0":{"start":{"line":2,"column":4},"end":{"line":2,"column":21}},"1":{"start":{"line":5,"column":0},"end":{"line":5,"column":27}}},"fnMap":{"0":{"name":"cloneArray","decl":{"start":{"line":1,"column":9},"end":{"line":1,"column":19}},"loc":{"start":{"line":1,"column":26},"end":{"line":3,"column":1}},"line":1}},"branchMap":{},"s":{"0":2,"1":1},"f":{"0":2},"b":{},"_coverageSchema":"1a1c01bbd47fc00a2c39e90264f33305004495a9","hash":"2d984308bdfc6074dadb3bfb7a5b18075fc6ae7d"}
,"C:\\Users\\Admin\\Desktop\\nodejs\\NBADPROJECTS\\dev\\js\\subtract.js": {"path":"C:\\Users\\Admin\\Desktop\\nodejs\\NBADPROJECTS\\dev\\js\\subtract.js","statementMap":{"0":{"start":{"line":2,"column":4},"end":{"line":2,"column":14}},"1":{"start":{"line":5,"column":0},"end":{"line":5,"column":25}}},"fnMap":{"0":{"name":"subtract","decl":{"start":{"line":1,"column":9},"end":{"line":1,"column":17}},"loc":{"start":{"line":1,"column":22},"end":{"line":3,"column":1}},"line":1}},"branchMap":{},"s":{"0":1,"1":1},"f":{"0":1},"b":{},"_coverageSchema":"1a1c01bbd47fc00a2c39e90264f33305004495a9","hash":"362dbe08769a0db83741147e2709c98c10ff33ba"}
,"C:\\Users\\Admin\\Desktop\\nodejs\\NBADPROJECTS\\dev\\js\\sum.js": {"path":"C:\\Users\\Admin\\Desktop\\nodejs\\NBADPROJECTS\\dev\\js\\sum.js","statementMap":{"0":{"start":{"line":2,"column":8},"end":{"line":2,"column":18}},"1":{"start":{"line":7,"column":4},"end":{"line":7,"column":37}},"2":{"start":{"line":9,"column":0},"end":{"line":9,"column":20}}},"fnMap":{"0":{"name":"sum","decl":{"start":{"line":1,"column":9},"end":{"line":1,"column":12}},"loc":{"start":{"line":1,"column":17},"end":{"line":3,"column":1}},"line":1},"1":{"name":"helper","decl":{"start":{"line":6,"column":9},"end":{"line":6,"column":15}},"loc":{"start":{"line":6,"column":17},"end":{"line":8,"column":1}},"line":6}},"branchMap":{},"s":{"0":1,"1":0,"2":1},"f":{"0":1,"1":0},"b":{},"_coverageSchema":"1a1c01bbd47fc00a2c39e90264f33305004495a9","hash":"45dc63486107e79db70ca8beda725f654a340aa1"}
}
